<?xml version="1.0" encoding="UTF-8"?>
<testsuites>
  <testsuite name="unit" tests="15" assertions="23" errors="0" failures="0" skipped="0" time="1.282208">
    <testsuite name="Model\Tests\DaoTest" file="/home/captainad-hoc/Projets/Web/ProjetLecteurMP3/tests/php/DaoTest.php" tests="5" assertions="5" errors="0" failures="0" skipped="0" time="0.022099">
      <testcase name="testConstructeur" class="Model\Tests\DaoTest" classname="Model.Tests.DaoTest" file="/home/captainad-hoc/Projets/Web/ProjetLecteurMP3/tests/php/DaoTest.php" line="21" assertions="1" time="0.001035"/>
      <testcase name="testGetAll" class="Model\Tests\DaoTest" classname="Model.Tests.DaoTest" file="/home/captainad-hoc/Projets/Web/ProjetLecteurMP3/tests/php/DaoTest.php" line="33" assertions="1" time="0.006783"/>
      <testcase name="testGetById" class="Model\Tests\DaoTest" classname="Model.Tests.DaoTest" file="/home/captainad-hoc/Projets/Web/ProjetLecteurMP3/tests/php/DaoTest.php" line="46" assertions="1" time="0.007329"/>
      <testcase name="testUpdate" class="Model\Tests\DaoTest" classname="Model.Tests.DaoTest" file="/home/captainad-hoc/Projets/Web/ProjetLecteurMP3/tests/php/DaoTest.php" line="59" assertions="1" time="0.004165"/>
      <testcase name="testDelete" class="Model\Tests\DaoTest" classname="Model.Tests.DaoTest" file="/home/captainad-hoc/Projets/Web/ProjetLecteurMP3/tests/php/DaoTest.php" line="74" assertions="1" time="0.002787"/>
    </testsuite>
    <testsuite name="Model\Tests\MorceauTest" file="/home/captainad-hoc/Projets/Web/ProjetLecteurMP3/tests/php/MorceauTest.php" tests="10" assertions="18" errors="0" failures="0" skipped="0" time="1.260108">
      <testcase name="testConstructeurAvecId" class="Model\Tests\MorceauTest" classname="Model.Tests.MorceauTest" file="/home/captainad-hoc/Projets/Web/ProjetLecteurMP3/tests/php/MorceauTest.php" line="51" assertions="8" time="0.000993"/>
      <testcase name="testConstructSansId" class="Model\Tests\MorceauTest" classname="Model.Tests.MorceauTest" file="/home/captainad-hoc/Projets/Web/ProjetLecteurMP3/tests/php/MorceauTest.php" line="69" assertions="1" time="0.000710"/>
      <testcase name="testUpload" class="Model\Tests\MorceauTest" classname="Model.Tests.MorceauTest" file="/home/captainad-hoc/Projets/Web/ProjetLecteurMP3/tests/php/MorceauTest.php" line="81" assertions="2" time="0.000938"/>
      <testcase name="testIdNonString" class="Model\Tests\MorceauTest" classname="Model.Tests.MorceauTest" file="/home/captainad-hoc/Projets/Web/ProjetLecteurMP3/tests/php/MorceauTest.php" line="92" assertions="1" time="0.000880"/>
      <testcase name="testAnneeNonInt" class="Model\Tests\MorceauTest" classname="Model.Tests.MorceauTest" file="/home/captainad-hoc/Projets/Web/ProjetLecteurMP3/tests/php/MorceauTest.php" line="100" assertions="1" time="0.000908"/>
      <testcase name="testAnneeNegative" class="Model\Tests\MorceauTest" classname="Model.Tests.MorceauTest" file="/home/captainad-hoc/Projets/Web/ProjetLecteurMP3/tests/php/MorceauTest.php" line="108" assertions="1" time="0.000752"/>
      <testcase name="testGenreNonString" class="Model\Tests\MorceauTest" classname="Model.Tests.MorceauTest" file="/home/captainad-hoc/Projets/Web/ProjetLecteurMP3/tests/php/MorceauTest.php" line="116" assertions="1" time="0.000794"/>
      <testcase name="testCoverInt" class="Model\Tests\MorceauTest" classname="Model.Tests.MorceauTest" file="/home/captainad-hoc/Projets/Web/ProjetLecteurMP3/tests/php/MorceauTest.php" line="124" assertions="1" time="0.000742"/>
      <testcase name="testMp3" class="Model\Tests\MorceauTest" classname="Model.Tests.MorceauTest" file="/home/captainad-hoc/Projets/Web/ProjetLecteurMP3/tests/php/MorceauTest.php" line="132" assertions="1" time="0.000794"/>
      <testcase name="testGenerateWeaveForm" class="Model\Tests\MorceauTest" classname="Model.Tests.MorceauTest" file="/home/captainad-hoc/Projets/Web/ProjetLecteurMP3/tests/php/MorceauTest.php" line="143" assertions="1" time="1.252597"/>
    </testsuite>
  </testsuite>
</testsuites>
